<?xml version="1.0" encoding="UTF-8"?>
<testng-results ignored="0" total="1" passed="1" failed="0" skipped="0">
  <reporter-output>
  </reporter-output>
  <suite started-at="2023-10-28T14:19:42 IST" name="TestClass" finished-at="2023-10-28T14:19:42 IST" duration-ms="85">
    <groups>
    </groups>
    <test started-at="2023-10-28T14:19:42 IST" name="Command line test" finished-at="2023-10-28T14:19:42 IST" duration-ms="85">
      <class name="TestClass">
        <test-method signature="test1()[pri:0, instance:TestClass@279fedbd]" started-at="2023-10-28T14:19:42 IST" name="test1" finished-at="2023-10-28T14:19:42 IST" duration-ms="14" status="PASS">
          <reporter-output>
          </reporter-output>
        </test-method> <!-- test1 -->
      </class> <!-- TestClass -->
    </test> <!-- Command line test -->
  </suite> <!-- TestClass -->
</testng-results>
